<?xml version="1.0" encoding="UTF-8"?>
<!-- Generated by org.testng.reporters.JUnitReportReporter -->
<testsuite hostname="DESKTOP-UR60E6G" failures="0" tests="1" name="com.luma.testBase.TestBase" time="11.139" errors="0" timestamp="2023-03-17T12:28:16 IST" skipped="0">
  <testcase classname="com.luma.testBase.TestBase" name="setUp" time="11.139"/>
  <system-out/>
</testsuite> <!-- com.luma.testBase.TestBase -->
