<?xml version="1.0" encoding="UTF-8"?>
<!-- Generated by org.testng.reporters.JUnitReportReporter -->
<testsuite hostname="DESKTOP-UR60E6G" failures="0" tests="2" name="com.luma.testLayer.BuyFuctionality" time="29.658" errors="0" timestamp="2023-07-27T12:34:15 IST" skipped="0">
  <testcase classname="com.luma.testLayer.BuyFuctionality" name="verifyBuyFunctionalityWithLogin" time="16.035"/>
  <system-out/>
  <testcase classname="com.luma.testLayer.BuyFuctionality" name="verifyBuyFunctionalityWithoutLogin" time="13.623"/>
  <system-out/>
</testsuite> <!-- com.luma.testLayer.BuyFuctionality -->
